<?xml version="1.0" encoding="UTF-8"?>
<testsuite name="com.chan.calendar.core.domain.DomainCreateTest" tests="1" skipped="0" failures="0" errors="0" timestamp="2024-05-11T08:38:50" hostname="yunchan-ui-MacBookPro.local" time="0.011">
  <properties/>
  <testcase name="eventCreate()" classname="com.chan.calendar.core.domain.DomainCreateTest" time="0.011"/>
  <system-out><![CDATA[]]></system-out>
  <system-err><![CDATA[]]></system-err>
</testsuite>
